\BOOKMARK [0][-]{chapter*.1}{Introduction}{}% 1
\BOOKMARK [0][-]{chapter.1}{Concepts}{}% 2
\BOOKMARK [1][-]{section.1.1}{Game Theory}{chapter.1}% 3
\BOOKMARK [2][-]{subsection.1.1.1}{The parts of a Game}{section.1.1}% 4
\BOOKMARK [2][-]{subsection.1.1.2}{Defining Games}{section.1.1}% 5
\BOOKMARK [2][-]{subsection.1.1.3}{Extensive Form}{section.1.1}% 6
\BOOKMARK [2][-]{subsection.1.1.4}{Normal Form: Matrix form or strategic form}{section.1.1}% 7
\BOOKMARK [2][-]{subsection.1.1.5}{Best Response and Nash Equilibrium}{section.1.1}% 8
\BOOKMARK [2][-]{subsection.1.1.6}{Dominant strategies}{section.1.1}% 9
\BOOKMARK [2][-]{subsection.1.1.7}{Pareto Optimality}{section.1.1}% 10
\BOOKMARK [1][-]{section.1.2}{Mixed Strategies and Nash Equilibrium}{chapter.1}% 11
\BOOKMARK [2][-]{subsection.1.2.1}{Utility in Mixed Strategies}{section.1.2}% 12
\BOOKMARK [2][-]{subsection.1.2.2}{Best Response and Nash Equilibrium}{section.1.2}% 13
\BOOKMARK [2][-]{subsection.1.2.3}{Computing Nash Equilibrium}{section.1.2}% 14
\BOOKMARK [2][-]{subsection.1.2.4}{Complexity Analysis}{section.1.2}% 15
\BOOKMARK [2][-]{subsection.1.2.5}{Summary of mixed strategies}{section.1.2}% 16
\BOOKMARK [2][-]{subsection.1.2.6}{Strictly Dominated Strategies}{section.1.2}% 17
\BOOKMARK [2][-]{subsection.1.2.7}{Weakly Dominated Strategies}{section.1.2}% 18
\BOOKMARK [1][-]{section.1.3}{Extensive Forms}{chapter.1}% 19
\BOOKMARK [1][-]{section.1.4}{Evolutionary Game Theory}{chapter.1}% 20
\BOOKMARK [0][-]{chapter.2}{Literature Review}{}% 21
\BOOKMARK [1][-]{section.2.1}{Travel Demand Management}{chapter.2}% 22
\BOOKMARK [1][-]{section.2.2}{Choice Decision Elements}{chapter.2}% 23
