This is pdfTeX, Version 3.14159265-2.6-1.40.21 (MiKTeX 2.9.7400 64-bit) (preloaded format=pdflatex 2020.5.12)  16 OCT 2020 16:24
entering extended mode
**./secondabstract.tex
(secondabstract.tex
LaTeX2e <2020-02-02> patch level 5
L3 programming layer <2020-04-06>
("C:\Program Files\MiKTeX 2.9\tex/latex/base\report.cls"
Document Class: report 2019/12/20 v1.4l Standard LaTeX document class
("C:\Program Files\MiKTeX 2.9\tex/latex/base\size11.clo"
File: size11.clo 2019/12/20 v1.4l Standard LaTeX file (size option)
)
\c@part=\count167
\c@chapter=\count168
\c@section=\count169
\c@subsection=\count170
\c@subsubsection=\count171
\c@paragraph=\count172
\c@subparagraph=\count173
\c@figure=\count174
\c@table=\count175
\abovecaptionskip=\skip47
\belowcaptionskip=\skip48
\bibindent=\dimen134
)
("C:\Program Files\MiKTeX 2.9\tex/latex/arabtex\arabtex.sty"
("C:\Program Files\MiKTeX 2.9\tex/latex/arabtex\aconfig.sty"
LaTeX2e detected 
BABEL detected
\a@moduledate=\count176
\a@maindate=\count177
)
Package: arabtex 2003/08/22  3.11 ArabTeX main module

("C:\Program Files\MiKTeX 2.9\tex/latex/arabtex\arabaux.sty"
Package: arabaux 2003/05/21  3.11 auxiliary macros for ArabTeX
)
("C:\Program Files\MiKTeX 2.9\tex/latex/arabtex\acmd.sty"
Package: acmd 2003/08/20  3.11 Arabic command processing 
)
("C:\Program Files\MiKTeX 2.9\tex/latex/arabtex\afonts.sty"
Package: afonts 1995/11/16  3.04 define Naskh font 

("C:\Program Files\MiKTeX 2.9\tex/latex/arabtex\afonts2.sty"
Package: afonts2 1998/10/19  3.10 define Naskh fonts for LaTeX2e
))
("C:\Program Files\MiKTeX 2.9\tex/latex/arabtex\ascan.sty"
Package: ascan 2003/08/22  3.11 standard ZDMG input encoding 

(ArabTeX) scanner for code `arabtex' installed.
(ArabTeX) input encoding set to ArabTeX standard conventions.)
("C:\Program Files\MiKTeX 2.9\tex/latex/arabtex\aparse.sty"
Package: aparse 2003/05/26  3.11 get syllables 
)
("C:\Program Files\MiKTeX 2.9\tex/latex/arabtex\awrite.sty"
Package: awrite 2003/06/05  3.11 build output word 

("C:\Program Files\MiKTeX 2.9\tex/latex/arabtex\xarbsymb.sty"
Package: xarbsymb 1998/07/15  3.07 symbolic output encoding 
)
("C:\Program Files\MiKTeX 2.9\tex/latex/arabtex\arabskel.sty"
Package: arabskel 2000/06/04  3.10 character skeleton definitions 
)
("C:\Program Files\MiKTeX 2.9\tex/latex/arabtex\xarbskel.sty"
Package: xarbskel 1999/07/17  3.09 character skeleton definitions 
)
("C:\Program Files\MiKTeX 2.9\tex/latex/arabtex\aboxes.sty"
Package: aboxes 2003/05/28  3.11 build output boxes
)
("C:\Program Files\MiKTeX 2.9\tex/latex/arabtex\arabtoks.sty"
Package: arabtoks 1999/07/17  3.09 ArabTeX CS token definitions 
)
("C:\Program Files\MiKTeX 2.9\tex/latex/arabtex\arabchrs.sty"
Package: arabchrs 1998/07/11  3.07 letter token definitions 
))
("C:\Program Files\MiKTeX 2.9\tex/latex/arabtex\aligs.sty"
Package: aligs 2003/05/26  3.11 compute ligatures
)
("C:\Program Files\MiKTeX 2.9\tex/latex/arabtex\aoutput.sty"
Package: aoutput 2000/06/04  3.10 build output lines
)
("C:\Program Files\MiKTeX 2.9\tex/latex/arabtex\abidir.sty"
Package: abidir 2003/08/22  3.11 bidirectional linebreaking
)
("C:\Program Files\MiKTeX 2.9\tex/latex/arabtex\atrans.sty"
Package: atrans 2003/06/14  3.11 generate the transliteration 

(ArabTeX) ZDMG transliteration.)
("C:\Program Files\MiKTeX 2.9\tex/latex/arabtex\alatex.sty"
Package: alatex 2003/05/04  3.11 ArabTeX extensions for LaTeX 

("C:\Program Files\MiKTeX 2.9\tex/latex/arabtex\afoot.sty"
Package: afoot 2003/05/12  3.11 ArabTeX footnotes
))
("C:\Program Files\MiKTeX 2.9\tex/latex/arabtex\abjad.sty"
Package: abjad 2003/04/26  3.11 abjad numerals 
)
("C:\Program Files\MiKTeX 2.9\tex/latex/arabtex\apatch.sty"
("C:\Program Files\MiKTeX 2.9\tex/latex/arabtex\alists.sty"
Package: alists 2003/04/26  3.11 inverted list macros
)
("C:\Program Files\MiKTeX 2.9\tex/latex/arabtex\asect.sty"
Package: asect 2003/04/26  3.11 section macros for Arabic
)
("C:\Program Files\MiKTeX 2.9\tex/latex/arabtex\atabg.sty"
Package: atabg 1997/01/21  3.05 LaTeX tabbing macros for Arabic
)
("C:\Program Files\MiKTeX 2.9\tex/latex/arabtex\alocal.sty"
(ArabTeX) 3.11 local stub, 26.02.2006)
Package: apatch 2006/07/02  3.11s last minute patches 
)
Arabic processor `ArabTeX' [20060702 patch level 3.11s (02.07.2006)]
(ArabTeX) ... now be patient ... )
("C:\Program Files\MiKTeX 2.9\tex/latex/base\inputenc.sty"
Package: inputenc 2018/08/11 v1.3c Input encoding file
\inpenc@prehook=\toks35
\inpenc@posthook=\toks36
)
("C:\Program Files\MiKTeX 2.9\tex/latex/base\fontenc.sty"
Package: fontenc 2020/02/11 v2.0o Standard LaTeX package

("C:\Program Files\MiKTeX 2.9\tex/latex/arabi\lfeenc.def"
File: lfeenc.def 2006/01/01 v0.1 Local Farsi font encoding (test version: may c
hange)
Now handling font encoding LFE ...
... no UTF-8 mapping file for font encoding LFE
)
("C:\Program Files\MiKTeX 2.9\tex/latex/arabi\laeenc.def"
File: laeenc.def 2006/01/01 v0.1 Local Arabic font encoding (test version: may 
change)
Now handling font encoding LAE ...
... processing UTF-8 mapping file for font encoding LAE

("C:\Program Files\MiKTeX 2.9\tex/latex/arabi\laeenc.dfu"
File: laeenc.dfu 2006/01/01 v1.0 UTF-8 support for Arabic and Farsi for use wit
h inputenc
   defining Unicode char U+066A (decimal 1642)
   defining Unicode char U+060C (decimal 1548)
   defining Unicode char U+0660 (decimal 1632)
   defining Unicode char U+0661 (decimal 1633)
   defining Unicode char U+0662 (decimal 1634)
   defining Unicode char U+0663 (decimal 1635)
   defining Unicode char U+0664 (decimal 1636)
   defining Unicode char U+0665 (decimal 1637)
   defining Unicode char U+0666 (decimal 1638)
   defining Unicode char U+0667 (decimal 1639)
   defining Unicode char U+0668 (decimal 1640)
   defining Unicode char U+0669 (decimal 1641)
   defining Unicode char U+061B (decimal 1563)
   defining Unicode char U+061F (decimal 1567)
   defining Unicode char U+0621 (decimal 1569)
   defining Unicode char U+0622 (decimal 1570)
   defining Unicode char U+0623 (decimal 1571)
   defining Unicode char U+0624 (decimal 1572)
   defining Unicode char U+0625 (decimal 1573)
   defining Unicode char U+0626 (decimal 1574)
   defining Unicode char U+0627 (decimal 1575)
   defining Unicode char U+0628 (decimal 1576)
   defining Unicode char U+0629 (decimal 1577)
   defining Unicode char U+062A (decimal 1578)
   defining Unicode char U+062B (decimal 1579)
   defining Unicode char U+062C (decimal 1580)
   defining Unicode char U+062D (decimal 1581)
   defining Unicode char U+062E (decimal 1582)
   defining Unicode char U+062F (decimal 1583)
   defining Unicode char U+0630 (decimal 1584)
   defining Unicode char U+0631 (decimal 1585)
   defining Unicode char U+0632 (decimal 1586)
   defining Unicode char U+0633 (decimal 1587)
   defining Unicode char U+0634 (decimal 1588)
   defining Unicode char U+0635 (decimal 1589)
   defining Unicode char U+0636 (decimal 1590)
   defining Unicode char U+0637 (decimal 1591)
   defining Unicode char U+0638 (decimal 1592)
   defining Unicode char U+0639 (decimal 1593)
   defining Unicode char U+063A (decimal 1594)
   defining Unicode char U+0640 (decimal 1600)
   defining Unicode char U+0641 (decimal 1601)
   defining Unicode char U+0642 (decimal 1602)
   defining Unicode char U+0643 (decimal 1603)
   defining Unicode char U+0644 (decimal 1604)
   defining Unicode char U+0645 (decimal 1605)
   defining Unicode char U+0646 (decimal 1606)
   defining Unicode char U+0647 (decimal 1607)
   defining Unicode char U+0648 (decimal 1608)
   defining Unicode char U+0649 (decimal 1609)
   defining Unicode char U+064A (decimal 1610)
   defining Unicode char U+064B (decimal 1611)
   defining Unicode char U+064C (decimal 1612)
   defining Unicode char U+064D (decimal 1613)
   defining Unicode char U+064E (decimal 1614)
   defining Unicode char U+064F (decimal 1615)
   defining Unicode char U+0650 (decimal 1616)
   defining Unicode char U+0651 (decimal 1617)
   defining Unicode char U+0652 (decimal 1618)
   defining Unicode char U+067E (decimal 1662)
   defining Unicode char U+0686 (decimal 1670)
   defining Unicode char U+0698 (decimal 1688)
   defining Unicode char U+06A9 (decimal 1705)
   defining Unicode char U+06AF (decimal 1711)
   defining Unicode char U+06CC (decimal 1740)
   defining Unicode char U+06F0 (decimal 1776)
   defining Unicode char U+06F1 (decimal 1777)
   defining Unicode char U+06F2 (decimal 1778)
   defining Unicode char U+06F3 (decimal 1779)
   defining Unicode char U+06F4 (decimal 1780)
   defining Unicode char U+06F5 (decimal 1781)
   defining Unicode char U+06F6 (decimal 1782)
   defining Unicode char U+06F7 (decimal 1783)
   defining Unicode char U+06F8 (decimal 1784)
   defining Unicode char U+06F9 (decimal 1785)
   defining Unicode char U+200C (decimal 8204)
   defining Unicode char U+06D5 (decimal 1749)
))
LaTeX Font Info:    Trying to load font information for LAE+cmr on input line 1
12.

("C:\Program Files\MiKTeX 2.9\tex/latex/arabi\laecmr.fd"
File: laecmr.fd 2006/01/01 v0.1 LaTeX Arabic default font description (test ver
sion: may change)
)
LaTeX Font Info:    Font shape `LAE/cmr/m/n' will be
(Font)              scaled to size 13.68748pt on input line 112.
)
("C:\Program Files\MiKTeX 2.9\tex/generic/babel\babel.sty"
Package: babel 2020/03/22 3.42 The Babel package

("C:\Program Files\MiKTeX 2.9\tex/generic/babel\switch.def"
File: switch.def 2020/03/22 3.42 Babel switching mechanism
)
*************************************
* Local config file bblopts.cfg used
*
("C:\Program Files\MiKTeX 2.9\tex/latex/arabi\bblopts.cfg"
File: bblopts.cfg 2005/09/08 v0.1 add Arabic and Farsi to "declared" options of
 babel
)
("C:\Program Files\MiKTeX 2.9\tex/latex/arabi\arabic.ldf"
File: arabic.ldf 
Language: arabic 2006/01/01 v0.1 Arabic support for the babel system

("C:\Program Files\MiKTeX 2.9\tex/generic/babel\babel.def"
File: babel.def 2020/03/22 3.42 Babel common definitions
\babel@savecnt=\count273
\U@D=\dimen157

("C:\Program Files\MiKTeX 2.9\tex/generic/babel\txtbabel.def")
\bbl@readstream=\read2
\bbl@dirlevel=\count274
)

Package babel Warning: No hyphenation patterns were preloaded for
(babel)                the language `Arabic' into the format.
(babel)                Please, configure your TeX system to add them and
(babel)                rebuild the format. Now I will use the patterns
(babel)                preloaded for english instead on input line 35.

Package babel Info: \l@arabic = using hyphenrules for english
(babel)             (\language0) on input line 36.
Loading the definitions for the LaTeX{} Arabic encoding
("C:\Program Files\MiKTeX 2.9\tex/latex/arabi\laeenc.def"
File: laeenc.def 2006/01/01 v0.1 Local Arabic font encoding (test version: may 
change)
LaTeX Font Info:    Redeclaring font encoding LAE on input line 27.
)
Loading the Common definitions for Arabic and Farsi
("C:\Program Files\MiKTeX 2.9\tex/latex/arabi\arabicore.sty"
  Arabi Core switching commands v1.0  2006/01/01   (may still change)  
\n@everypar=\toks37
\@Arabitempboxa=\box60
\llahheight=\skip51
\Decimalheight=\skip52
)
LaTeX Font Info:    Redeclaring font encoding LAE on input line 144.

Loading the Arabi fonts definitions for Arabic
("C:\Program Files\MiKTeX 2.9\tex/latex/arabi\arabicfnt.sty"
  Arabic font switching commands v1.0  2006/01/01   (may still change)  
LaTeX Info: Redefining \texttimes on input line 101.
LaTeX Info: Redefining \times on input line 102.
LaTeX Info: Redefining \omega on input line 137.
)
Loading the Common definitions for Arabic and Farsi
("C:\Program Files\MiKTeX 2.9\tex/latex/arabi\arabnovowel.sty"
File: arabnovowel.sty 2005/09/07 v0.1 Arabic dummy vowel slots when needed
\ArabiStruthightOFF=\skip53
\ArabiStrutdepthOFF=\skip54
\ArabiStruthightON=\skip55
\ArabiStrutdepthON=\skip56
)
*************************************
* Local config file arabic.cfg used
*
("C:\Program Files\MiKTeX 2.9\tex/latex/arabi\arabic.cfg")))
("C:\Program Files\MiKTeX 2.9\tex/latex/l3backend\l3backend-pdfmode.def"
File: l3backend-pdfmode.def 2020-03-12 L3 backend support: PDF mode
\l__kernel_color_stack_int=\count275
\l__pdf_internal_box=\box61
)
(secondabstract.aux)
\openout1 = `secondabstract.aux'.

LaTeX Font Info:    Checking defaults for OML/cmm/m/it on input line 8.
LaTeX Font Info:    ... okay on input line 8.
LaTeX Font Info:    Checking defaults for OMS/cmsy/m/n on input line 8.
LaTeX Font Info:    ... okay on input line 8.
LaTeX Font Info:    Checking defaults for OT1/cmr/m/n on input line 8.
LaTeX Font Info:    ... okay on input line 8.
LaTeX Font Info:    Checking defaults for T1/cmr/m/n on input line 8.
LaTeX Font Info:    ... okay on input line 8.
LaTeX Font Info:    Checking defaults for TS1/cmr/m/n on input line 8.
LaTeX Font Info:    ... okay on input line 8.
LaTeX Font Info:    Checking defaults for OMX/cmex/m/n on input line 8.
LaTeX Font Info:    ... okay on input line 8.
LaTeX Font Info:    Checking defaults for U/cmr/m/n on input line 8.
LaTeX Font Info:    ... okay on input line 8.
LaTeX Font Info:    Checking defaults for LFE/cmr/m/n on input line 8.
LaTeX Font Info:    Trying to load font information for LFE+cmr on input line 8
.
 ("C:\Program Files\MiKTeX 2.9\tex/latex/arabi\lfecmr.fd"
File: lfecmr.fd 2006/12/01 v0.1a LaTeX default Farsi font description (test ver
sion: may change)
)
LaTeX Font Info:    ... okay on input line 8.
LaTeX Font Info:    Checking defaults for LAE/cmr/m/n on input line 8.
LaTeX Font Info:    ... okay on input line 8.

ArabTeX is aleready loaded,  No support is provided
with ArabTeX 7 bit input encoding
("C:\Program Files\MiKTeX 2.9\tex/latex/base\ifthen.sty"
Package: ifthen 2014/09/29 v1.1c Standard LaTeX ifthen package (DPC)
)
("C:\Program Files\MiKTeX 2.9\tex/latex/arabtex\apatch.sty"
\a@lines=\count276
\a@Lwidth=\dimen158
\a@displaywidth=\dimen159

("C:\Program Files\MiKTeX 2.9\tex/latex/arabtex\alocal.sty"
(ArabTeX) 3.11 local stub, 26.02.2006)
(ArabTeX) version 3.11s (02.07.2006): second phase of patching) [1

{C:/Users/gg/AppData/Local/MiKTeX/2.9/pdftex/config/pdftex.map}] (secondabstrac
t.aux)

 *File List*
  report.cls    2019/12/20 v1.4l Standard LaTeX document class
  size11.clo    2019/12/20 v1.4l Standard LaTeX file (size option)
 arabtex.sty    2003/08/22  3.11 ArabTeX main module
 arabaux.sty    2003/05/21  3.11 auxiliary macros for ArabTeX
    acmd.sty    2003/08/20  3.11 Arabic command processing 
  afonts.sty    1995/11/16  3.04 define Naskh font 
 afonts2.sty    1998/10/19  3.10 define Naskh fonts for LaTeX2e
   ascan.sty    2003/08/22  3.11 standard ZDMG input encoding 
  aparse.sty    2003/05/26  3.11 get syllables 
  awrite.sty    2003/06/05  3.11 build output word 
xarbsymb.sty    1998/07/15  3.07 symbolic output encoding 
arabskel.sty    2000/06/04  3.10 character skeleton definitions 
xarbskel.sty    1999/07/17  3.09 character skeleton definitions 
  aboxes.sty    2003/05/28  3.11 build output boxes
arabtoks.sty    1999/07/17  3.09 ArabTeX CS token definitions 
arabchrs.sty    1998/07/11  3.07 letter token definitions 
   aligs.sty    2003/05/26  3.11 compute ligatures
 aoutput.sty    2000/06/04  3.10 build output lines
  abidir.sty    2003/08/22  3.11 bidirectional linebreaking
  atrans.sty    2003/06/14  3.11 generate the transliteration 
  alatex.sty    2003/05/04  3.11 ArabTeX extensions for LaTeX 
   afoot.sty    2003/05/12  3.11 ArabTeX footnotes
   abjad.sty    2003/04/26  3.11 abjad numerals 
  apatch.sty    2006/07/02  3.11s last minute patches 
  alists.sty    2003/04/26  3.11 inverted list macros
   asect.sty    2003/04/26  3.11 section macros for Arabic
   atabg.sty    1997/01/21  3.05 LaTeX tabbing macros for Arabic
inputenc.sty    2018/08/11 v1.3c Input encoding file
 fontenc.sty
  lfeenc.def    2006/01/01 v0.1 Local Farsi font encoding (test version: may ch
ange)
  laeenc.def    2006/01/01 v0.1 Local Arabic font encoding (test version: may c
hange)
  laeenc.dfu    2006/01/01 v1.0 UTF-8 support for Arabic and Farsi for use with
 inputenc
  laecmr.fd    2006/01/01 v0.1 LaTeX Arabic default font description (test vers
ion: may change)
   babel.sty    2020/03/22 3.42 The Babel package
 bblopts.cfg    2005/09/08 v0.1 add Arabic and Farsi to "declared" options of b
abel
  arabic.ldf    2006/01/01 v0.1 Arabic support for the babel system
  laeenc.def    2006/01/01 v0.1 Local Arabic font encoding (test version: may c
hange)
arabicore.sty
arabicfnt.sty
arabnovowel.sty    2005/09/07 v0.1 Arabic dummy vowel slots when needed
  arabic.cfg
l3backend-pdfmode.def    2020-03-12 L3 backend support: PDF mode
  lfecmr.fd    2006/12/01 v0.1a LaTeX default Farsi font description (test vers
ion: may change)
  ifthen.sty    2014/09/29 v1.1c Standard LaTeX ifthen package (DPC)
  apatch.sty    2006/07/02  3.11s last minute patches 
 ***********

 ) 
Here is how much of TeX's memory you used:
 4328 strings out of 480930
 46600 string characters out of 2909556
 311162 words of memory out of 3000000
 20138 multiletter control sequences out of 15000+200000
 537328 words of font info for 27 fonts, out of 3000000 for 9000
 1141 hyphenation exceptions out of 8191
 30i,4n,29p,1196b,214s stack positions out of 5000i,500n,10000p,200000b,50000s
{C:/Program Files/MiKTeX 2.9/fonts/enc/dvips/arabi/ararabeyes.enc}<C:/Program
 Files/MiKTeX 2.9/fonts/type1/arabi/arabeyes/ae_almohanad_bold.pfb><C:/Program 
Files/MiKTeX 2.9/fonts/type1/public/amsfonts/cm/cmr10.pfb>
Output written on secondabstract.pdf (1 page, 36156 bytes).
PDF statistics:
 15 PDF objects out of 1000 (max. 8388607)
 0 named destinations out of 1000 (max. 500000)
 1 words of extra memory for PDF output out of 10000 (max. 10000000)

